<?xml version="1.0" encoding="UTF-8"?>
<testng-results ignored="0" total="1" passed="1" failed="0" skipped="0">
  <reporter-output>
  </reporter-output>
  <suite started-at="2023-08-01T15:36:24 IST" name="Suite" finished-at="2023-08-01T15:37:51 IST" duration-ms="86643">
    <groups>
      <group name="cucumber">
        <method signature="AbstractTestNGCucumberTests.runScenario(io.cucumber.testng.PickleWrapper,io.cucumber.testng.FeatureWrapper)[pri:0, instance:com.swiggy.teststeps.TestRunner@5dd91bca]" name="runScenario" class="io.cucumber.testng.AbstractTestNGCucumberTests"/>
      </group> <!-- cucumber -->
    </groups>
    <test started-at="2023-08-01T15:36:24 IST" name="Test" finished-at="2023-08-01T15:37:51 IST" duration-ms="86643">
      <class name="com.swiggy.teststeps.TestRunner">
        <test-method is-config="true" signature="setUpClass(org.testng.ITestContext)[pri:0, instance:com.swiggy.teststeps.TestRunner@5dd91bca]" started-at="2023-08-01T15:36:24 IST" name="setUpClass" finished-at="2023-08-01T15:36:25 IST" duration-ms="947" status="PASS">
          <params>
            <param index="0">
              <value>
                <![CDATA[org.testng.TestRunner@44084713]]>
              </value>
            </param>
          </params>
          <reporter-output>
          </reporter-output>
        </test-method> <!-- setUpClass -->
        <test-method signature="runScenario(io.cucumber.testng.PickleWrapper,io.cucumber.testng.FeatureWrapper)[pri:0, instance:com.swiggy.teststeps.TestRunner@5dd91bca]" started-at="2023-08-01T15:36:25 IST" name="runScenario" description="Runs Cucumber Scenarios" data-provider="scenarios" finished-at="2023-08-01T15:37:44 IST" duration-ms="78977" status="PASS">
          <params>
            <param index="0">
              <value>
                <![CDATA["A user must be able to place an order on swiggy"]]>
              </value>
            </param>
            <param index="1">
              <value>
                <![CDATA["Optional[Order Food from Swiggy]"]]>
              </value>
            </param>
          </params>
          <reporter-output>
          </reporter-output>
        </test-method> <!-- runScenario -->
        <test-method is-config="true" signature="tearDownClass()[pri:0, instance:com.swiggy.teststeps.TestRunner@5dd91bca]" started-at="2023-08-01T15:37:45 IST" name="tearDownClass" finished-at="2023-08-01T15:37:51 IST" duration-ms="5846" status="PASS">
          <reporter-output>
          </reporter-output>
        </test-method> <!-- tearDownClass -->
      </class> <!-- com.swiggy.teststeps.TestRunner -->
    </test> <!-- Test -->
  </suite> <!-- Suite -->
</testng-results>
